  huawei_cracker.cpp
C:\Users\Joao\source\repos\huawei_cracker\huawei_cracker\modules\calculo_2.h(48,5): error C4996: 'strcpy': This function or variable may be unsafe. Consider using strcpy_s instead. To disable deprecation, use _CRT_SECURE_NO_WARNINGS. See online help for details.
C:\Users\Joao\source\repos\huawei_cracker\huawei_cracker\modules\calculo_2.h(86,5): error C4996: 'strcpy': This function or variable may be unsafe. Consider using strcpy_s instead. To disable deprecation, use _CRT_SECURE_NO_WARNINGS. See online help for details.
C:\Users\Joao\source\repos\huawei_cracker\huawei_cracker\modules\calculo_3.h(59,5): error C4996: 'strcpy': This function or variable may be unsafe. Consider using strcpy_s instead. To disable deprecation, use _CRT_SECURE_NO_WARNINGS. See online help for details.
C:\Users\Joao\source\repos\huawei_cracker\huawei_cracker\modules\calculo_3.h(4,14): error C2084: função 'UINT CONCATENE2BYTESEM1(UINT,UINT)' já possui um corpo
C:\Users\Joao\source\repos\huawei_cracker\huawei_cracker\modules\calculo_3.h(4): message : consulte a definição anterior de 'CONCATENE2BYTESEM1'
C:\Users\Joao\source\repos\huawei_cracker\huawei_cracker\modules\calculo_3.h(10,16): error C2084: função 'UINT CONCATENE3BYTESEM1(UINT,UINT,UINT)' já possui um corpo
C:\Users\Joao\source\repos\huawei_cracker\huawei_cracker\modules\calculo_3.h(10): message : consulte a definição anterior de 'CONCATENE3BYTESEM1'
C:\Users\Joao\source\repos\huawei_cracker\huawei_cracker\modules\calculo_3.h(15,14): error C2084: função 'void calculo_3(char *,unsigned int *,int)' já possui um corpo
C:\Users\Joao\source\repos\huawei_cracker\huawei_cracker\modules\calculo_3.h(15): message : consulte a definição anterior de 'calculo_3'
C:\Users\Joao\source\repos\huawei_cracker\huawei_cracker\modules\calculo_3.h(60,17): error C2065: 'CONCATENE3BYTESEM1': identificador não declarado
C:\Users\Joao\source\repos\huawei_cracker\huawei_cracker\modules\calculo_3.h(60,64): error C2568: '=': não é possível resolver sobrecarga de função
C:\Users\Joao\source\repos\huawei_cracker\huawei_cracker\modules\calculo_3.h(60,64): message : poderia ser 'UINT CONCATENE3BYTESEM1(UINT,UINT,UINT)'
C:\Users\Joao\source\repos\huawei_cracker\huawei_cracker\modules\calculo_3.h(61,17): error C2065: 'CONCATENE3BYTESEM1': identificador não declarado
C:\Users\Joao\source\repos\huawei_cracker\huawei_cracker\modules\calculo_3.h(61,58): error C2568: '=': não é possível resolver sobrecarga de função
C:\Users\Joao\source\repos\huawei_cracker\huawei_cracker\modules\calculo_3.h(61,58): message : poderia ser 'UINT CONCATENE3BYTESEM1(UINT,UINT,UINT)'
C:\Users\Joao\source\repos\huawei_cracker\huawei_cracker\modules\calculo_3.h(62,13): error C2065: 'CONCATENE2BYTESEM1': identificador não declarado
C:\Users\Joao\source\repos\huawei_cracker\huawei_cracker\modules\calculo_3.h(62,64): error C2568: '=': não é possível resolver sobrecarga de função
C:\Users\Joao\source\repos\huawei_cracker\huawei_cracker\modules\calculo_3.h(62,64): message : poderia ser 'UINT CONCATENE2BYTESEM1(UINT,UINT)'
C:\Users\Joao\source\repos\huawei_cracker\huawei_cracker\modules\calculo_3.h(64,13): error C2065: 'CONCATENE2BYTESEM1': identificador não declarado
C:\Users\Joao\source\repos\huawei_cracker\huawei_cracker\modules\calculo_3.h(64,100): error C2568: '=': não é possível resolver sobrecarga de função
C:\Users\Joao\source\repos\huawei_cracker\huawei_cracker\modules\calculo_3.h(64,100): message : poderia ser 'UINT CONCATENE2BYTESEM1(UINT,UINT)'
C:\Users\Joao\source\repos\huawei_cracker\huawei_cracker\modules\calculo_3.h(66,13): error C2065: 'CONCATENE2BYTESEM1': identificador não declarado
C:\Users\Joao\source\repos\huawei_cracker\huawei_cracker\modules\calculo_3.h(67,9): error C2568: '=': não é possível resolver sobrecarga de função
C:\Users\Joao\source\repos\huawei_cracker\huawei_cracker\modules\calculo_3.h(67,9): message : poderia ser 'UINT CONCATENE2BYTESEM1(UINT,UINT)'
C:\Users\Joao\source\repos\huawei_cracker\huawei_cracker\modules\calculo_3.h(70,13): error C2065: 'CONCATENE2BYTESEM1': identificador não declarado
C:\Users\Joao\source\repos\huawei_cracker\huawei_cracker\modules\calculo_3.h(70,96): error C2568: '=': não é possível resolver sobrecarga de função
C:\Users\Joao\source\repos\huawei_cracker\huawei_cracker\modules\calculo_3.h(70,96): message : poderia ser 'UINT CONCATENE2BYTESEM1(UINT,UINT)'
C:\Users\Joao\source\repos\huawei_cracker\huawei_cracker\modules\calculo_3.h(72,13): error C2065: 'CONCATENE2BYTESEM1': identificador não declarado
C:\Users\Joao\source\repos\huawei_cracker\huawei_cracker\modules\calculo_3.h(72,105): error C2568: '=': não é possível resolver sobrecarga de função
C:\Users\Joao\source\repos\huawei_cracker\huawei_cracker\modules\calculo_3.h(72,105): message : poderia ser 'UINT CONCATENE2BYTESEM1(UINT,UINT)'
C:\Users\Joao\source\repos\huawei_cracker\huawei_cracker\modules\calculo_3.h(74,13): error C2065: 'CONCATENE2BYTESEM1': identificador não declarado
C:\Users\Joao\source\repos\huawei_cracker\huawei_cracker\modules\calculo_3.h(74,105): error C2568: '=': não é possível resolver sobrecarga de função
C:\Users\Joao\source\repos\huawei_cracker\huawei_cracker\modules\calculo_3.h(74,105): message : poderia ser 'UINT CONCATENE2BYTESEM1(UINT,UINT)'
C:\Users\Joao\source\repos\huawei_cracker\huawei_cracker\modules\calculo_3.h(76,13): error C2065: 'CONCATENE2BYTESEM1': identificador não declarado
C:\Users\Joao\source\repos\huawei_cracker\huawei_cracker\modules\calculo_3.h(76,104): error C2568: '=': não é possível resolver sobrecarga de função
C:\Users\Joao\source\repos\huawei_cracker\huawei_cracker\modules\calculo_3.h(76,104): message : poderia ser 'UINT CONCATENE2BYTESEM1(UINT,UINT)'
C:\Users\Joao\source\repos\huawei_cracker\huawei_cracker\modules\calculo_3.h(78,13): error C2065: 'CONCATENE2BYTESEM1': identificador não declarado
C:\Users\Joao\source\repos\huawei_cracker\huawei_cracker\modules\calculo_3.h(78,103): error C2568: '=': não é possível resolver sobrecarga de função
C:\Users\Joao\source\repos\huawei_cracker\huawei_cracker\modules\calculo_3.h(78,103): message : poderia ser 'UINT CONCATENE2BYTESEM1(UINT,UINT)'
C:\Users\Joao\source\repos\huawei_cracker\huawei_cracker\modules\calculo_3.h(80,13): error C2065: 'CONCATENE2BYTESEM1': identificador não declarado
C:\Users\Joao\source\repos\huawei_cracker\huawei_cracker\modules\calculo_3.h(80,105): error C2568: '=': não é possível resolver sobrecarga de função
C:\Users\Joao\source\repos\huawei_cracker\huawei_cracker\modules\calculo_3.h(80,105): message : poderia ser 'UINT CONCATENE2BYTESEM1(UINT,UINT)'
C:\Users\Joao\source\repos\huawei_cracker\huawei_cracker\modules\calculo_3.h(82,13): error C2065: 'CONCATENE2BYTESEM1': identificador não declarado
C:\Users\Joao\source\repos\huawei_cracker\huawei_cracker\modules\calculo_3.h(82,105): error C2568: '=': não é possível resolver sobrecarga de função
C:\Users\Joao\source\repos\huawei_cracker\huawei_cracker\modules\calculo_3.h(82,105): message : poderia ser 'UINT CONCATENE2BYTESEM1(UINT,UINT)'
C:\Users\Joao\source\repos\huawei_cracker\huawei_cracker\modules\calculo_3.h(84,13): error C2065: 'CONCATENE2BYTESEM1': identificador não declarado
C:\Users\Joao\source\repos\huawei_cracker\huawei_cracker\modules\calculo_3.h(84,102): error C2568: '=': não é possível resolver sobrecarga de função
C:\Users\Joao\source\repos\huawei_cracker\huawei_cracker\modules\calculo_3.h(84,102): message : poderia ser 'UINT CONCATENE2BYTESEM1(UINT,UINT)'
C:\Users\Joao\source\repos\huawei_cracker\huawei_cracker\modules\calculo_3.h(86,13): error C2065: 'CONCATENE2BYTESEM1': identificador não declarado
C:\Users\Joao\source\repos\huawei_cracker\huawei_cracker\modules\calculo_3.h(86,103): error C2568: '=': não é possível resolver sobrecarga de função
C:\Users\Joao\source\repos\huawei_cracker\huawei_cracker\modules\calculo_3.h(86,103): message : poderia ser 'UINT CONCATENE2BYTESEM1(UINT,UINT)'
C:\Users\Joao\source\repos\huawei_cracker\huawei_cracker\modules\calculo_3.h(88,13): error C2065: 'CONCATENE2BYTESEM1': identificador não declarado
C:\Users\Joao\source\repos\huawei_cracker\huawei_cracker\modules\calculo_3.h(88,105): error C2568: '=': não é possível resolver sobrecarga de função
C:\Users\Joao\source\repos\huawei_cracker\huawei_cracker\modules\calculo_3.h(88,105): message : poderia ser 'UINT CONCATENE2BYTESEM1(UINT,UINT)'
C:\Users\Joao\source\repos\huawei_cracker\huawei_cracker\modules\calculo_3.h(90,13): error C2065: 'CONCATENE2BYTESEM1': identificador não declarado
C:\Users\Joao\source\repos\huawei_cracker\huawei_cracker\modules\calculo_3.h(90,105): error C2568: '=': não é possível resolver sobrecarga de função
C:\Users\Joao\source\repos\huawei_cracker\huawei_cracker\modules\calculo_3.h(90,105): message : poderia ser 'UINT CONCATENE2BYTESEM1(UINT,UINT)'
C:\Users\Joao\source\repos\huawei_cracker\huawei_cracker\modules\calculo_3.h(93,13): error C2065: 'CONCATENE2BYTESEM1': identificador não declarado
C:\Users\Joao\source\repos\huawei_cracker\huawei_cracker\modules\calculo_3.h(93,104): error C2568: '=': não é possível resolver sobrecarga de função
C:\Users\Joao\source\repos\huawei_cracker\huawei_cracker\modules\calculo_3.h(93,104): message : poderia ser 'UINT CONCATENE2BYTESEM1(UINT,UINT)'
C:\Users\Joao\source\repos\huawei_cracker\huawei_cracker\modules\calculo_3.h(95,13): error C2065: 'CONCATENE2BYTESEM1': identificador não declarado
C:\Users\Joao\source\repos\huawei_cracker\huawei_cracker\modules\calculo_3.h(95,103): error C2568: '=': não é possível resolver sobrecarga de função
C:\Users\Joao\source\repos\huawei_cracker\huawei_cracker\modules\calculo_3.h(95,103): message : poderia ser 'UINT CONCATENE2BYTESEM1(UINT,UINT)'
C:\Users\Joao\source\repos\huawei_cracker\huawei_cracker\modules\calculo_3.h(97,13): error C2065: 'CONCATENE2BYTESEM1': identificador não declarado
C:\Users\Joao\source\repos\huawei_cracker\huawei_cracker\modules\calculo_3.h(97,108): error C2568: '=': não é possível resolver sobrecarga de função
C:\Users\Joao\source\repos\huawei_cracker\huawei_cracker\modules\calculo_3.h(97,108): message : poderia ser 'UINT CONCATENE2BYTESEM1(UINT,UINT)'
C:\Users\Joao\source\repos\huawei_cracker\huawei_cracker\modules\calculo_3.h(99,13): error C2065: 'CONCATENE2BYTESEM1': identificador não declarado
C:\Users\Joao\source\repos\huawei_cracker\huawei_cracker\modules\calculo_3.h(99,106): error C2568: '=': não é possível resolver sobrecarga de função
C:\Users\Joao\source\repos\huawei_cracker\huawei_cracker\modules\calculo_3.h(99,106): message : poderia ser 'UINT CONCATENE2BYTESEM1(UINT,UINT)'
C:\Users\Joao\source\repos\huawei_cracker\huawei_cracker\modules\calculo_3.h(101,13): error C2065: 'CONCATENE2BYTESEM1': identificador não declarado
C:\Users\Joao\source\repos\huawei_cracker\huawei_cracker\modules\calculo_3.h(101,105): error C2568: '=': não é possível resolver sobrecarga de função
C:\Users\Joao\source\repos\huawei_cracker\huawei_cracker\modules\calculo_3.h(101,105): message : poderia ser 'UINT CONCATENE2BYTESEM1(UINT,UINT)'
C:\Users\Joao\source\repos\huawei_cracker\huawei_cracker\modules\calculo_3.h(103,13): error C2065: 'CONCATENE2BYTESEM1': identificador não declarado
C:\Users\Joao\source\repos\huawei_cracker\huawei_cracker\modules\calculo_3.h(103,108): error C2568: '=': não é possível resolver sobrecarga de função
C:\Users\Joao\source\repos\huawei_cracker\huawei_cracker\modules\calculo_3.h(103,108): message : poderia ser 'UINT CONCATENE2BYTESEM1(UINT,UINT)'
C:\Users\Joao\source\repos\huawei_cracker\huawei_cracker\modules\calculo_3.h(105,13): error C2065: 'CONCATENE2BYTESEM1': identificador não declarado
C:\Users\Joao\source\repos\huawei_cracker\huawei_cracker\modules\calculo_3.h(105,106): error C2568: '=': não é possível resolver sobrecarga de função
C:\Users\Joao\source\repos\huawei_cracker\huawei_cracker\modules\calculo_3.h(105,106): message : poderia ser 'UINT CONCATENE2BYTESEM1(UINT,UINT)'
C:\Users\Joao\source\repos\huawei_cracker\huawei_cracker\modules\calculo_3.h(107,13): error C2065: 'CONCATENE2BYTESEM1': identificador não declarado
C:\Users\Joao\source\repos\huawei_cracker\huawei_cracker\modules\calculo_3.h(107,104): error C2568: '=': não é possível resolver sobrecarga de função
C:\Users\Joao\source\repos\huawei_cracker\huawei_cracker\modules\calculo_3.h(107,104): message : poderia ser 'UINT CONCATENE2BYTESEM1(UINT,UINT)'
C:\Users\Joao\source\repos\huawei_cracker\huawei_cracker\modules\calculo_3.h(109,13): error C2065: 'CONCATENE2BYTESEM1': identificador não declarado
C:\Users\Joao\source\repos\huawei_cracker\huawei_cracker\modules\calculo_3.h(109,106): error C2568: '=': não é possível resolver sobrecarga de função
C:\Users\Joao\source\repos\huawei_cracker\huawei_cracker\modules\calculo_3.h(109,106): message : poderia ser 'UINT CONCATENE2BYTESEM1(UINT,UINT)'
C:\Users\Joao\source\repos\huawei_cracker\huawei_cracker\modules\calculo_3.h(111,13): error C2065: 'CONCATENE2BYTESEM1': identificador não declarado
C:\Users\Joao\source\repos\huawei_cracker\huawei_cracker\modules\calculo_3.h(111,105): error C2568: '=': não é possível resolver sobrecarga de função
C:\Users\Joao\source\repos\huawei_cracker\huawei_cracker\modules\calculo_3.h(111,105): message : poderia ser 'UINT CONCATENE2BYTESEM1(UINT,UINT)'
C:\Users\Joao\source\repos\huawei_cracker\huawei_cracker\modules\calculo_3.h(113,13): error C2065: 'CONCATENE2BYTESEM1': identificador não declarado
C:\Users\Joao\source\repos\huawei_cracker\huawei_cracker\modules\calculo_3.h(113,105): error C2568: '=': não é possível resolver sobrecarga de função
C:\Users\Joao\source\repos\huawei_cracker\huawei_cracker\modules\calculo_3.h(113,105): message : poderia ser 'UINT CONCATENE2BYTESEM1(UINT,UINT)'
C:\Users\Joao\source\repos\huawei_cracker\huawei_cracker\modules\calculo_3.h(115,13): error C2065: 'CONCATENE2BYTESEM1': identificador não declarado
C:\Users\Joao\source\repos\huawei_cracker\huawei_cracker\modules\calculo_3.h(115,102): error C2568: '=': não é possível resolver sobrecarga de função
C:\Users\Joao\source\repos\huawei_cracker\huawei_cracker\modules\calculo_3.h(115,102): message : poderia ser 'UINT CONCATENE2BYTESEM1(UINT,UINT)'
C:\Users\Joao\source\repos\huawei_cracker\huawei_cracker\modules\calculo_3.h(117,13): error C2065: 'CONCATENE2BYTESEM1': identificador não declarado
C:\Users\Joao\source\repos\huawei_cracker\huawei_cracker\modules\calculo_3.h(117,101): error C2568: '=': não é possível resolver sobrecarga de função
C:\Users\Joao\source\repos\huawei_cracker\huawei_cracker\modules\calculo_3.h(117,101): message : poderia ser 'UINT CONCATENE2BYTESEM1(UINT,UINT)'
C:\Users\Joao\source\repos\huawei_cracker\huawei_cracker\modules\calculo_3.h(119,13): error C2065: 'CONCATENE2BYTESEM1': identificador não declarado
C:\Users\Joao\source\repos\huawei_cracker\huawei_cracker\modules\calculo_3.h(119,104): error C2568: '=': não é possível resolver sobrecarga de função
C:\Users\Joao\source\repos\huawei_cracker\huawei_cracker\modules\calculo_3.h(119,104): message : poderia ser 'UINT CONCATENE2BYTESEM1(UINT,UINT)'
C:\Users\Joao\source\repos\huawei_cracker\huawei_cracker\modules\calculo_3.h(121,13): error C2065: 'CONCATENE2BYTESEM1': identificador não declarado
C:\Users\Joao\source\repos\huawei_cracker\huawei_cracker\modules\calculo_3.h(121,106): error C2568: '=': não é possível resolver sobrecarga de função
C:\Users\Joao\source\repos\huawei_cracker\huawei_cracker\modules\calculo_3.h(121,106): message : poderia ser 'UINT CONCATENE2BYTESEM1(UINT,UINT)'
C:\Users\Joao\source\repos\huawei_cracker\huawei_cracker\modules\calculo_3.h(123,13): error C2065: 'CONCATENE2BYTESEM1': identificador não declarado
C:\Users\Joao\source\repos\huawei_cracker\huawei_cracker\modules\calculo_3.h(123,108): error C2568: '=': não é possível resolver sobrecarga de função
C:\Users\Joao\source\repos\huawei_cracker\huawei_cracker\modules\calculo_3.h(123,108): message : poderia ser 'UINT CONCATENE2BYTESEM1(UINT,UINT)'
C:\Users\Joao\source\repos\huawei_cracker\huawei_cracker\modules\calculo_3.h(125,13): error C2065: 'CONCATENE2BYTESEM1': identificador não declarado
C:\Users\Joao\source\repos\huawei_cracker\huawei_cracker\modules\calculo_3.h(125,105): error C2568: '=': não é possível resolver sobrecarga de função
C:\Users\Joao\source\repos\huawei_cracker\huawei_cracker\modules\calculo_3.h(125,105): message : poderia ser 'UINT CONCATENE2BYTESEM1(UINT,UINT)'
C:\Users\Joao\source\repos\huawei_cracker\huawei_cracker\modules\calculo_3.h(127,13): error C2065: 'CONCATENE2BYTESEM1': identificador não declarado
C:\Users\Joao\source\repos\huawei_cracker\huawei_cracker\modules\calculo_3.h(127,105): error C2568: '=': não é possível resolver sobrecarga de função
C:\Users\Joao\source\repos\huawei_cracker\huawei_cracker\modules\calculo_3.h(127,105): message : poderia ser 'UINT CONCATENE2BYTESEM1(UINT,UINT)'
C:\Users\Joao\source\repos\huawei_cracker\huawei_cracker\modules\calculo_3.h(129,13): error C2065: 'CONCATENE2BYTESEM1': identificador não declarado
C:\Users\Joao\source\repos\huawei_cracker\huawei_cracker\modules\calculo_3.h(129,93): error C2568: '=': não é possível resolver sobrecarga de função
C:\Users\Joao\source\repos\huawei_cracker\huawei_cracker\modules\calculo_3.h(129,93): message : poderia ser 'UINT CONCATENE2BYTESEM1(UINT,UINT)'
C:\Users\Joao\source\repos\huawei_cracker\huawei_cracker\modules\calculo_3.h(131,13): error C2065: 'CONCATENE2BYTESEM1': identificador não declarado
C:\Users\Joao\source\repos\huawei_cracker\huawei_cracker\modules\calculo_3.h(131,96): error C2568: '=': não é possível resolver sobrecarga de função
C:\Users\Joao\source\repos\huawei_cracker\huawei_cracker\modules\calculo_3.h(131,96): message : poderia ser 'UINT CONCATENE2BYTESEM1(UINT,UINT)'
C:\Users\Joao\source\repos\huawei_cracker\huawei_cracker\modules\calculo_3.h(133,13): error C2065: 'CONCATENE2BYTESEM1': identificador não declarado
C:\Users\Joao\source\repos\huawei_cracker\huawei_cracker\modules\calculo_3.h(133,95): error C2568: '=': não é possível resolver sobrecarga de função
C:\Users\Joao\source\repos\huawei_cracker\huawei_cracker\modules\calculo_3.h(133,95): message : poderia ser 'UINT CONCATENE2BYTESEM1(UINT,UINT)'
C:\Users\Joao\source\repos\huawei_cracker\huawei_cracker\modules\calculo_3.h(135,13): error C2065: 'CONCATENE2BYTESEM1': identificador não declarado
C:\Users\Joao\source\repos\huawei_cracker\huawei_cracker\modules\calculo_3.h(135,88): error C2568: '=': não é possível resolver sobrecarga de função
C:\Users\Joao\source\repos\huawei_cracker\huawei_cracker\modules\calculo_3.h(135,88): message : poderia ser 'UINT CONCATENE2BYTESEM1(UINT,UINT)'
C:\Users\Joao\source\repos\huawei_cracker\huawei_cracker\modules\calculo_3.h(137,13): error C2065: 'CONCATENE2BYTESEM1': identificador não declarado
C:\Users\Joao\source\repos\huawei_cracker\huawei_cracker\modules\calculo_3.h(137,99): error C2568: '=': não é possível resolver sobrecarga de função
C:\Users\Joao\source\repos\huawei_cracker\huawei_cracker\modules\calculo_3.h(137,99): message : poderia ser 'UINT CONCATENE2BYTESEM1(UINT,UINT)'
C:\Users\Joao\source\repos\huawei_cracker\huawei_cracker\modules\calculo_3.h(139,13): error C2065: 'CONCATENE2BYTESEM1': identificador não declarado
C:\Users\Joao\source\repos\huawei_cracker\huawei_cracker\modules\calculo_3.h(139,95): error C2568: '=': não é possível resolver sobrecarga de função
C:\Users\Joao\source\repos\huawei_cracker\huawei_cracker\modules\calculo_3.h(139,95): message : poderia ser 'UINT CONCATENE2BYTESEM1(UINT,UINT)'
C:\Users\Joao\source\repos\huawei_cracker\huawei_cracker\modules\calculo_3.h(141,13): error C2065: 'CONCATENE2BYTESEM1': identificador não declarado
C:\Users\Joao\source\repos\huawei_cracker\huawei_cracker\modules\calculo_3.h(141,95): error C2568: '=': não é possível resolver sobrecarga de função
C:\Users\Joao\source\repos\huawei_cracker\huawei_cracker\modules\calculo_3.h(141,95): message : poderia ser 'UINT CONCATENE2BYTESEM1(UINT,UINT)'
C:\Users\Joao\source\repos\huawei_cracker\huawei_cracker\modules\calculo_3.h(143,13): error C2065: 'CONCATENE2BYTESEM1': identificador não declarado
C:\Users\Joao\source\repos\huawei_cracker\huawei_cracker\modules\calculo_3.h(143,93): error C2568: '=': não é possível resolver sobrecarga de função
C:\Users\Joao\source\repos\huawei_cracker\huawei_cracker\modules\calculo_3.h(143,93): message : poderia ser 'UINT CONCATENE2BYTESEM1(UINT,UINT)'
C:\Users\Joao\source\repos\huawei_cracker\huawei_cracker\modules\calculo_3.h(145,13): error C2065: 'CONCATENE2BYTESEM1': identificador não declarado
C:\Users\Joao\source\repos\huawei_cracker\huawei_cracker\modules\calculo_3.h(145,95): error C2568: '=': não é possível resolver sobrecarga de função
C:\Users\Joao\source\repos\huawei_cracker\huawei_cracker\modules\calculo_3.h(145,95): message : poderia ser 'UINT CONCATENE2BYTESEM1(UINT,UINT)'
C:\Users\Joao\source\repos\huawei_cracker\huawei_cracker\modules\calculo_3.h(147,13): error C2065: 'CONCATENE2BYTESEM1': identificador não declarado
C:\Users\Joao\source\repos\huawei_cracker\huawei_cracker\modules\calculo_3.h(147,99): error C2568: '=': não é possível resolver sobrecarga de função
C:\Users\Joao\source\repos\huawei_cracker\huawei_cracker\modules\calculo_3.h(147,99): message : poderia ser 'UINT CONCATENE2BYTESEM1(UINT,UINT)'
C:\Users\Joao\source\repos\huawei_cracker\huawei_cracker\modules\calculo_3.h(149,13): error C2065: 'CONCATENE2BYTESEM1': identificador não declarado
C:\Users\Joao\source\repos\huawei_cracker\huawei_cracker\modules\calculo_3.h(149,92): error C2568: '=': não é possível resolver sobrecarga de função
C:\Users\Joao\source\repos\huawei_cracker\huawei_cracker\modules\calculo_3.h(149,92): message : poderia ser 'UINT CONCATENE2BYTESEM1(UINT,UINT)'
C:\Users\Joao\source\repos\huawei_cracker\huawei_cracker\modules\calculo_3.h(151,13): error C2065: 'CONCATENE2BYTESEM1': identificador não declarado
C:\Users\Joao\source\repos\huawei_cracker\huawei_cracker\modules\calculo_3.h(151,91): error C2568: '=': não é possível resolver sobrecarga de função
C:\Users\Joao\source\repos\huawei_cracker\huawei_cracker\modules\calculo_3.h(151,91): message : poderia ser 'UINT CONCATENE2BYTESEM1(UINT,UINT)'
C:\Users\Joao\source\repos\huawei_cracker\huawei_cracker\modules\calculo_3.h(153,13): error C2065: 'CONCATENE2BYTESEM1': identificador não declarado
C:\Users\Joao\source\repos\huawei_cracker\huawei_cracker\modules\calculo_3.h(153,96): error C2568: '=': não é possível resolver sobrecarga de função
C:\Users\Joao\source\repos\huawei_cracker\huawei_cracker\modules\calculo_3.h(153,96): message : poderia ser 'UINT CONCATENE2BYTESEM1(UINT,UINT)'
C:\Users\Joao\source\repos\huawei_cracker\huawei_cracker\modules\calculo_3.h(155,13): error C2065: 'CONCATENE2BYTESEM1': identificador não declarado
C:\Users\Joao\source\repos\huawei_cracker\huawei_cracker\modules\calculo_3.h(155,96): error C2568: '=': não é possível resolver sobrecarga de função
C:\Users\Joao\source\repos\huawei_cracker\huawei_cracker\modules\calculo_3.h(155,96): message : poderia ser 'UINT CONCATENE2BYTESEM1(UINT,UINT)'
C:\Users\Joao\source\repos\huawei_cracker\huawei_cracker\modules\calculo_3.h(157,13): error C2065: 'CONCATENE2BYTESEM1': identificador não declarado
C:\Users\Joao\source\repos\huawei_cracker\huawei_cracker\modules\calculo_3.h(157,95): error C2568: '=': não é possível resolver sobrecarga de função
C:\Users\Joao\source\repos\huawei_cracker\huawei_cracker\modules\calculo_3.h(157,95): fatal error C1003: contador de erros excede 100; interrompendo compilação
